2025-02-03 08:44:17 [INFO]: 🚀 API (devlopment) is running on port 3000
2025-02-03 08:46:40 [INFO]: 🚀 API (devlopment) is running on port 3000
2025-02-03 08:48:12 [INFO]: 🚀 API (devlopment) is running on port 3000
2025-02-03 08:49:00 [INFO]: ==========================================
2025-02-03 08:49:00 [INFO]: 🚀 API (devlopment) is running on port 3000
2025-02-03 08:49:00 [INFO]: ==========================================
2025-02-03 08:52:27 [INFO]: ==========================================
2025-02-03 08:52:27 [INFO]: 🚀 API (devlopment) is running on port 3000
2025-02-03 08:52:27 [INFO]: ==========================================
2025-02-03 08:52:30 [INFO]: ==========================================
2025-02-03 08:52:30 [INFO]: 🚀 API (devlopment) is running on port 3000
2025-02-03 08:52:30 [INFO]: ==========================================
2025-02-03 08:52:35 [INFO]: ==========================================
2025-02-03 08:52:35 [INFO]: 🚀 API (devlopment) is running on port 3000
2025-02-03 08:52:35 [INFO]: ==========================================
2025-02-03 08:53:44 [INFO]: ==========================================
2025-02-03 08:53:44 [INFO]: 🚀 API (devlopment) is running on port 3000
2025-02-03 08:53:44 [INFO]: ==========================================
2025-02-03 08:53:47 [INFO]: ==========================================
2025-02-03 08:53:47 [INFO]: 🚀 API (devlopment) is running on port 3000
2025-02-03 08:53:47 [INFO]: ==========================================
2025-02-03 08:53:51 [INFO]: ==========================================
2025-02-03 08:53:51 [INFO]: 🚀 API (devlopment) is running on port 3000
2025-02-03 08:53:51 [INFO]: ==========================================
2025-02-03 08:53:57 [INFO]: ==========================================
2025-02-03 08:53:57 [INFO]: 🚀 API (devlopment) is running on port 3000
2025-02-03 08:53:57 [INFO]: ==========================================
2025-02-03 08:55:18 [INFO]: ==========================================
2025-02-03 08:55:18 [INFO]: 🚀 API (devlopment) is running on port 3000
2025-02-03 08:55:18 [INFO]: ==========================================
2025-02-03 08:55:31 [INFO]: ==========================================
2025-02-03 08:55:31 [INFO]: 🚀 API (devlopment) is running on port 3000
2025-02-03 08:55:31 [INFO]: ==========================================
2025-02-03 08:55:35 [INFO]: ==========================================
2025-02-03 08:55:35 [INFO]: 🚀 API (devlopment) is running on port 3000
2025-02-03 08:55:35 [INFO]: ==========================================
2025-02-03 09:03:36 [INFO]: ==========================================
2025-02-03 09:03:36 [INFO]: 🚀 API (devlopment) is running on port 3000
2025-02-03 09:03:36 [INFO]: ==========================================
2025-02-03 09:04:11 [INFO]: ==========================================
2025-02-03 09:04:12 [INFO]: 🚀 API (devlopment) is running on port 3000
2025-02-03 09:04:12 [INFO]: ==========================================
2025-02-03 09:04:15 [INFO]: ==========================================
2025-02-03 09:04:15 [INFO]: 🚀 API (devlopment) is running on port 3000
2025-02-03 09:04:15 [INFO]: ==========================================
2025-02-03 09:05:03 [INFO]: ==========================================
2025-02-03 09:05:03 [INFO]: 🚀 API (devlopment) is running on port 3000
2025-02-03 09:05:03 [INFO]: ==========================================
2025-02-03 09:06:22 [INFO]: ==========================================
2025-02-03 09:06:22 [INFO]: 🚀 API (devlopment) is running on port 3000
2025-02-03 09:06:22 [INFO]: ==========================================
2025-02-03 09:08:59 [INFO]: ==========================================
2025-02-03 09:08:59 [INFO]: 🚀 API (devlopment) is running on port 3000
2025-02-03 09:08:59 [INFO]: ==========================================
2025-02-03 09:09:03 [INFO]: ==========================================
2025-02-03 09:09:03 [INFO]: 🚀 API (devlopment) is running on port 3000
2025-02-03 09:09:03 [INFO]: ==========================================
2025-02-03 09:09:06 [INFO]: ==========================================
2025-02-03 09:09:06 [INFO]: 🚀 API (devlopment) is running on port 3000
2025-02-03 09:09:06 [INFO]: ==========================================
2025-02-03 09:09:15 [INFO]: ==========================================
2025-02-03 09:09:15 [INFO]: 🚀 API (devlopment) is running on port 3000
2025-02-03 09:09:15 [INFO]: ==========================================
2025-02-03 09:09:56 [INFO]: ==========================================
2025-02-03 09:09:56 [INFO]: 🚀 API (devlopment) is running on port 3000
2025-02-03 09:09:56 [INFO]: ==========================================
2025-02-03 09:10:27 [INFO]: ==========================================
2025-02-03 09:10:27 [INFO]: 🚀 API (devlopment) is running on port 3000
2025-02-03 09:10:27 [INFO]: ==========================================
2025-02-03 09:12:08 [INFO]: ==========================================
2025-02-03 09:12:08 [INFO]: 🚀 API (devlopment) is running on port 3000
2025-02-03 09:12:08 [INFO]: ==========================================
2025-02-03 09:12:14 [INFO]: ==========================================
2025-02-03 09:12:14 [INFO]: 🚀 API (devlopment) is running on port 3000
2025-02-03 09:12:14 [INFO]: ==========================================
2025-02-03 09:13:01 [WARN]: Login failed: Missing username/email or password.
2025-02-03 09:13:12 [INFO]: Login successful: User "sumertpss@gmail.com" logged in.
2025-02-03 09:16:11 [INFO]: ==========================================
2025-02-03 09:16:11 [INFO]: 🚀 API (devlopment) is running on port 3000
2025-02-03 09:16:11 [INFO]: ==========================================
2025-02-03 09:18:38 [INFO]: ==========================================
2025-02-03 09:18:38 [INFO]: 🚀 API (devlopment) is running on port 3000
2025-02-03 09:18:38 [INFO]: ==========================================
2025-02-03 09:40:25 [INFO]: ==========================================
2025-02-03 09:40:25 [INFO]: 🚀 API (devlopment) is running on port 3000
2025-02-03 09:40:25 [INFO]: ==========================================
2025-02-03 10:04:30 [INFO]: ==========================================
2025-02-03 10:04:30 [INFO]: 🚀 API (devlopment) is running on port 3000
2025-02-03 10:04:30 [INFO]: ==========================================
2025-02-03 10:05:06 [INFO]: Login successful: User "shopifytesting786@gmail.com" logged in.
2025-02-03 10:09:57 [INFO]: ==========================================
2025-02-03 10:09:57 [INFO]: 🚀 API (devlopment) is running on port 3000
2025-02-03 10:09:57 [INFO]: ==========================================
2025-02-03 10:10:59 [INFO]: ==========================================
2025-02-03 10:10:59 [INFO]: 🚀 API (devlopment) is running on port 3000
2025-02-03 10:10:59 [INFO]: ==========================================
2025-02-03 10:11:00 [INFO]: ==========================================
2025-02-03 10:11:00 [INFO]: 🚀 API (devlopment) is running on port 3000
2025-02-03 10:11:00 [INFO]: ==========================================
2025-02-03 10:24:22 [INFO]: ==========================================
2025-02-03 10:24:22 [INFO]: 🚀 API (devlopment) is running on port 3000
2025-02-03 10:24:22 [INFO]: ==========================================
2025-02-03 10:27:12 [INFO]: ==========================================
2025-02-03 10:27:12 [INFO]: 🚀 API (devlopment) is running on port 3000
2025-02-03 10:27:12 [INFO]: ==========================================
2025-02-03 10:31:03 [INFO]: ==========================================
2025-02-03 10:31:03 [INFO]: 🚀 API (devlopment) is running on port 3000
2025-02-03 10:31:03 [INFO]: ==========================================
2025-02-03 10:32:23 [INFO]: ==========================================
2025-02-03 10:32:23 [INFO]: 🚀 API (devlopment) is running on port 3000
2025-02-03 10:32:23 [INFO]: ==========================================
2025-02-03 10:32:46 [INFO]: ==========================================
2025-02-03 10:32:46 [INFO]: 🚀 API (devlopment) is running on port 3000
2025-02-03 10:32:46 [INFO]: ==========================================
2025-02-03 10:33:15 [INFO]: ==========================================
2025-02-03 10:33:15 [INFO]: 🚀 API (devlopment) is running on port 3000
2025-02-03 10:33:15 [INFO]: ==========================================
2025-02-03 10:33:16 [INFO]: ==========================================
2025-02-03 10:33:16 [INFO]: 🚀 API (devlopment) is running on port 3000
2025-02-03 10:33:16 [INFO]: ==========================================
2025-02-03 10:34:22 [INFO]: ==========================================
2025-02-03 10:34:22 [INFO]: 🚀 API (devlopment) is running on port 3000
2025-02-03 10:34:22 [INFO]: ==========================================
2025-02-03 10:35:08 [INFO]: ==========================================
2025-02-03 10:35:08 [INFO]: 🚀 API (devlopment) is running on port 3000
2025-02-03 10:35:08 [INFO]: ==========================================
2025-02-03 10:35:18 [INFO]: ==========================================
2025-02-03 10:35:18 [INFO]: 🚀 API (devlopment) is running on port 3000
2025-02-03 10:35:18 [INFO]: ==========================================
2025-02-03 10:37:17 [INFO]: ==========================================
2025-02-03 10:37:17 [INFO]: 🚀 API (devlopment) is running on port 3000
2025-02-03 10:37:17 [INFO]: ==========================================
2025-02-03 10:39:01 [INFO]: ==========================================
2025-02-03 10:39:01 [INFO]: 🚀 API (devlopment) is running on port 3000
2025-02-03 10:39:01 [INFO]: ==========================================
2025-02-03 10:43:05 [INFO]: ==========================================
2025-02-03 10:43:05 [INFO]: 🚀 API (devlopment) is running on port 3000
2025-02-03 10:43:05 [INFO]: ==========================================
2025-02-03 10:44:24 [INFO]: ==========================================
2025-02-03 10:44:24 [INFO]: 🚀 API (devlopment) is running on port 3000
2025-02-03 10:44:24 [INFO]: ==========================================
2025-02-03 10:44:32 [INFO]: ==========================================
2025-02-03 10:44:32 [INFO]: 🚀 API (devlopment) is running on port 3000
2025-02-03 10:44:32 [INFO]: ==========================================
2025-02-03 10:45:44 [INFO]: ==========================================
2025-02-03 10:45:44 [INFO]: 🚀 API (devlopment) is running on port 3000
2025-02-03 10:45:44 [INFO]: ==========================================
2025-02-03 10:45:49 [INFO]: ==========================================
2025-02-03 10:45:49 [INFO]: 🚀 API (devlopment) is running on port 3000
2025-02-03 10:45:49 [INFO]: ==========================================
2025-02-03 10:46:09 [INFO]: ==========================================
2025-02-03 10:46:09 [INFO]: 🚀 API (devlopment) is running on port 3000
2025-02-03 10:46:09 [INFO]: ==========================================
2025-02-03 10:46:17 [INFO]: ==========================================
2025-02-03 10:46:17 [INFO]: 🚀 API (devlopment) is running on port 3000
2025-02-03 10:46:17 [INFO]: ==========================================
2025-02-03 10:48:10 [ERROR]: ReferenceError: username is not defined
    at signup (/home/tpss/public_html/drive/projects/Laundry/git/thelaundrycompany/backend/src/controller/auth.controller.js:77:29)
2025-02-03 10:49:18 [INFO]: ==========================================
2025-02-03 10:49:18 [INFO]: 🚀 API (devlopment) is running on port 3000
2025-02-03 10:49:18 [INFO]: ==========================================
2025-02-03 10:49:20 [WARN]: Registration failed: Email sumertpss@yopmail.com already registered.
2025-02-03 10:49:33 [INFO]: User Sumer Tpss registered successfully.
2025-02-03 10:50:05 [INFO]: ==========================================
2025-02-03 10:50:05 [INFO]: 🚀 API (devlopment) is running on port 3000
2025-02-03 10:50:05 [INFO]: ==========================================
2025-02-03 10:56:39 [INFO]: ==========================================
2025-02-03 10:56:39 [INFO]: 🚀 API (devlopment) is running on port 3000
2025-02-03 10:56:39 [INFO]: ==========================================
2025-02-03 11:00:18 [INFO]: ==========================================
2025-02-03 11:00:18 [INFO]: 🚀 API (devlopment) is running on port 3000
2025-02-03 11:00:18 [INFO]: ==========================================
2025-02-03 11:03:58 [INFO]: ==========================================
2025-02-03 11:03:58 [INFO]: 🚀 API (devlopment) is running on port 3000
2025-02-03 11:03:58 [INFO]: ==========================================
2025-02-03 11:04:15 [INFO]: ==========================================
2025-02-03 11:04:15 [INFO]: 🚀 API (devlopment) is running on port 3000
2025-02-03 11:04:15 [INFO]: ==========================================
2025-02-03 11:05:41 [INFO]: ==========================================
2025-02-03 11:05:41 [INFO]: 🚀 API (devlopment) is running on port 3000
2025-02-03 11:05:41 [INFO]: ==========================================
2025-02-03 11:09:46 [INFO]: ==========================================
2025-02-03 11:09:46 [INFO]: 🚀 API (devlopment) is running on port 3000
2025-02-03 11:09:46 [INFO]: ==========================================
2025-02-03 11:10:27 [INFO]: ==========================================
2025-02-03 11:10:27 [INFO]: 🚀 API (devlopment) is running on port 3000
2025-02-03 11:10:27 [INFO]: ==========================================
2025-02-03 11:10:44 [INFO]: ==========================================
2025-02-03 11:10:44 [INFO]: 🚀 API (devlopment) is running on port 3000
2025-02-03 11:10:44 [INFO]: ==========================================
2025-02-03 11:11:19 [INFO]: ==========================================
2025-02-03 11:11:19 [INFO]: 🚀 API (devlopment) is running on port 3000
2025-02-03 11:11:19 [INFO]: ==========================================
2025-02-03 11:12:08 [INFO]: ==========================================
2025-02-03 11:12:08 [INFO]: 🚀 API (devlopment) is running on port 3000
2025-02-03 11:12:08 [INFO]: ==========================================
2025-02-03 11:15:21 [INFO]: ==========================================
2025-02-03 11:15:21 [INFO]: 🚀 API (devlopment) is running on port 3000
2025-02-03 11:15:21 [INFO]: ==========================================
2025-02-03 11:16:23 [INFO]: ==========================================
2025-02-03 11:16:23 [INFO]: 🚀 API (devlopment) is running on port 3000
2025-02-03 11:16:23 [INFO]: ==========================================
2025-02-03 11:16:31 [INFO]: ==========================================
2025-02-03 11:16:31 [INFO]: 🚀 API (devlopment) is running on port 3000
2025-02-03 11:16:31 [INFO]: ==========================================
2025-02-03 11:17:28 [INFO]: ==========================================
2025-02-03 11:17:28 [INFO]: 🚀 API (devlopment) is running on port 3000
2025-02-03 11:17:28 [INFO]: ==========================================
2025-02-03 11:17:52 [INFO]: ==========================================
2025-02-03 11:17:52 [INFO]: 🚀 API (devlopment) is running on port 3000
2025-02-03 11:17:52 [INFO]: ==========================================
2025-02-03 11:24:38 [INFO]: ==========================================
2025-02-03 11:24:38 [INFO]: 🚀 API (devlopment) is running on port 3000
2025-02-03 11:24:38 [INFO]: ==========================================
2025-02-03 11:24:48 [INFO]: ==========================================
2025-02-03 11:24:48 [INFO]: 🚀 API (devlopment) is running on port 3000
2025-02-03 11:24:48 [INFO]: ==========================================
2025-02-03 11:25:22 [INFO]: ==========================================
2025-02-03 11:25:22 [INFO]: 🚀 API (devlopment) is running on port 3000
2025-02-03 11:25:22 [INFO]: ==========================================
2025-02-03 11:25:26 [INFO]: ==========================================
2025-02-03 11:25:26 [INFO]: 🚀 API (devlopment) is running on port 3000
2025-02-03 11:25:26 [INFO]: ==========================================
2025-02-03 11:26:21 [INFO]: ==========================================
2025-02-03 11:26:21 [INFO]: 🚀 API (devlopment) is running on port 3000
2025-02-03 11:26:21 [INFO]: ==========================================
2025-02-03 11:26:24 [INFO]: ==========================================
2025-02-03 11:26:24 [INFO]: 🚀 API (devlopment) is running on port 3000
2025-02-03 11:26:24 [INFO]: ==========================================
2025-02-03 11:26:44 [INFO]: ==========================================
2025-02-03 11:26:44 [INFO]: 🚀 API (devlopment) is running on port 3000
2025-02-03 11:26:44 [INFO]: ==========================================
2025-02-03 11:27:17 [INFO]: ==========================================
2025-02-03 11:27:17 [INFO]: 🚀 API (devlopment) is running on port 3000
2025-02-03 11:27:17 [INFO]: ==========================================
2025-02-03 11:27:41 [INFO]: ==========================================
2025-02-03 11:27:41 [INFO]: 🚀 API (devlopment) is running on port 3000
2025-02-03 11:27:41 [INFO]: ==========================================
2025-02-03 11:27:43 [INFO]: ==========================================
2025-02-03 11:27:43 [INFO]: 🚀 API (devlopment) is running on port 3000
2025-02-03 11:27:43 [INFO]: ==========================================
2025-02-03 11:28:07 [INFO]: ==========================================
2025-02-03 11:28:07 [INFO]: 🚀 API (devlopment) is running on port 3000
2025-02-03 11:28:07 [INFO]: ==========================================
2025-02-03 11:28:11 [INFO]: ==========================================
2025-02-03 11:28:11 [INFO]: 🚀 API (devlopment) is running on port 3000
2025-02-03 11:28:11 [INFO]: ==========================================
2025-02-03 16:03:56 [INFO]: ==========================================
2025-02-03 16:03:56 [INFO]: 🚀 API (devlopment) is running on port 3000
2025-02-03 16:03:56 [INFO]: ==========================================
2025-02-03 16:04:23 [INFO]: ==========================================
2025-02-03 16:04:23 [INFO]: 🚀 API (devlopment) is running on port 3000
2025-02-03 16:04:23 [INFO]: ==========================================
2025-02-03 16:06:00 [INFO]: ==========================================
2025-02-03 16:06:00 [INFO]: 🚀 API (devlopment) is running on port 3000
2025-02-03 16:06:00 [INFO]: ==========================================
2025-02-03 16:19:02 [INFO]: ==========================================
2025-02-03 16:19:02 [INFO]: 🚀 API (devlopment) is running on port 3000
2025-02-03 16:19:02 [INFO]: ==========================================
2025-02-03 16:19:33 [INFO]: ==========================================
2025-02-03 16:19:33 [INFO]: 🚀 API (devlopment) is running on port 3000
2025-02-03 16:19:33 [INFO]: ==========================================
2025-02-03 16:19:44 [INFO]: ==========================================
2025-02-03 16:19:44 [INFO]: 🚀 API (devlopment) is running on port 3000
2025-02-03 16:19:44 [INFO]: ==========================================
2025-02-03 16:19:50 [INFO]: ==========================================
2025-02-03 16:19:50 [INFO]: 🚀 API (devlopment) is running on port 3000
2025-02-03 16:19:50 [INFO]: ==========================================
2025-02-03 16:19:56 [INFO]: ==========================================
2025-02-03 16:19:56 [INFO]: 🚀 API (devlopment) is running on port 3000
2025-02-03 16:19:56 [INFO]: ==========================================
2025-02-03 16:20:12 [INFO]: ==========================================
2025-02-03 16:20:12 [INFO]: 🚀 API (devlopment) is running on port 3000
2025-02-03 16:20:12 [INFO]: ==========================================
2025-02-03 16:20:16 [INFO]: ==========================================
2025-02-03 16:20:16 [INFO]: 🚀 API (devlopment) is running on port 3000
2025-02-03 16:20:16 [INFO]: ==========================================
2025-02-03 16:20:24 [INFO]: ==========================================
2025-02-03 16:20:24 [INFO]: 🚀 API (devlopment) is running on port 3000
2025-02-03 16:20:24 [INFO]: ==========================================
2025-02-04 09:56:35 [INFO]: ==========================================
2025-02-04 09:56:35 [INFO]: 🚀 API (devlopment) is running on port 3000
2025-02-04 09:56:35 [INFO]: ==========================================
2025-02-04 10:00:22 [INFO]: ==========================================
2025-02-04 10:00:22 [INFO]: 🚀 API (devlopment) is running on port 3000
2025-02-04 10:00:22 [INFO]: ==========================================
2025-02-04 10:01:19 [INFO]: ==========================================
2025-02-04 10:01:19 [INFO]: 🚀 API (devlopment) is running on port 3000
2025-02-04 10:01:19 [INFO]: ==========================================
2025-02-04 10:01:27 [INFO]: ==========================================
2025-02-04 10:01:27 [INFO]: 🚀 API (devlopment) is running on port 3000
2025-02-04 10:01:27 [INFO]: ==========================================
2025-02-04 10:01:49 [INFO]: ==========================================
2025-02-04 10:01:49 [INFO]: 🚀 API (devlopment) is running on port 3000
2025-02-04 10:01:49 [INFO]: ==========================================
2025-02-04 10:02:18 [INFO]: ==========================================
2025-02-04 10:02:18 [INFO]: 🚀 API (devlopment) is running on port 3000
2025-02-04 10:02:18 [INFO]: ==========================================
2025-02-04 10:02:36 [INFO]: ==========================================
2025-02-04 10:02:36 [INFO]: 🚀 API (devlopment) is running on port 3000
2025-02-04 10:02:36 [INFO]: ==========================================
2025-02-04 10:02:58 [INFO]: ==========================================
2025-02-04 10:02:58 [INFO]: 🚀 API (devlopment) is running on port 3000
2025-02-04 10:02:58 [INFO]: ==========================================
2025-02-04 10:05:11 [INFO]: ==========================================
2025-02-04 10:05:11 [INFO]: 🚀 API (devlopment) is running on port 3000
2025-02-04 10:05:11 [INFO]: ==========================================
2025-02-04 10:05:16 [INFO]: ==========================================
2025-02-04 10:05:16 [INFO]: 🚀 API (devlopment) is running on port 3000
2025-02-04 10:05:16 [INFO]: ==========================================
2025-02-04 10:05:50 [INFO]: ==========================================
2025-02-04 10:05:50 [INFO]: 🚀 API (devlopment) is running on port 3000
2025-02-04 10:05:50 [INFO]: ==========================================
2025-02-04 10:05:55 [INFO]: ==========================================
2025-02-04 10:05:55 [INFO]: 🚀 API (devlopment) is running on port 3000
2025-02-04 10:05:55 [INFO]: ==========================================
2025-02-04 10:06:46 [INFO]: ==========================================
2025-02-04 10:06:46 [INFO]: 🚀 API (devlopment) is running on port 3000
2025-02-04 10:06:46 [INFO]: ==========================================
2025-02-04 10:08:00 [INFO]: ==========================================
2025-02-04 10:08:00 [INFO]: 🚀 API (devlopment) is running on port 3000
2025-02-04 10:08:00 [INFO]: ==========================================
2025-02-04 10:08:37 [INFO]: ==========================================
2025-02-04 10:08:37 [INFO]: 🚀 API (devlopment) is running on port 3000
2025-02-04 10:08:37 [INFO]: ==========================================
2025-02-04 10:10:01 [INFO]: ==========================================
2025-02-04 10:10:01 [INFO]: 🚀 API (devlopment) is running on port 3000
2025-02-04 10:10:01 [INFO]: ==========================================
2025-02-04 10:11:28 [INFO]: ==========================================
2025-02-04 10:11:28 [INFO]: 🚀 API (devlopment) is running on port 3000
2025-02-04 10:11:28 [INFO]: ==========================================
2025-02-04 10:20:13 [INFO]: ==========================================
2025-02-04 10:20:13 [INFO]: 🚀 API (devlopment) is running on port 3000
2025-02-04 10:20:13 [INFO]: ==========================================
2025-02-04 10:28:10 [INFO]: ==========================================
2025-02-04 10:28:10 [INFO]: 🚀 API (devlopment) is running on port 3000
2025-02-04 10:28:10 [INFO]: ==========================================
2025-02-04 10:33:11 [INFO]: ==========================================
2025-02-04 10:33:11 [INFO]: 🚀 API (devlopment) is running on port 3000
2025-02-04 10:33:11 [INFO]: ==========================================
2025-02-04 10:35:52 [INFO]: ==========================================
2025-02-04 10:35:52 [INFO]: 🚀 API (devlopment) is running on port 3000
2025-02-04 10:35:52 [INFO]: ==========================================
2025-02-04 11:14:57 [INFO]: ==========================================
2025-02-04 11:14:57 [INFO]: 🚀 API (devlopment) is running on port 3000
2025-02-04 11:14:57 [INFO]: ==========================================
2025-02-04 11:16:17 [INFO]: ==========================================
2025-02-04 11:16:17 [INFO]: 🚀 API (devlopment) is running on port 3000
2025-02-04 11:16:17 [INFO]: ==========================================
2025-02-04 11:16:26 [INFO]: ==========================================
2025-02-04 11:16:26 [INFO]: 🚀 API (devlopment) is running on port 3000
2025-02-04 11:16:26 [INFO]: ==========================================
2025-02-04 11:18:44 [INFO]: ==========================================
2025-02-04 11:18:44 [INFO]: 🚀 API (devlopment) is running on port 3000
2025-02-04 11:18:44 [INFO]: ==========================================
2025-02-04 11:28:13 [INFO]: ==========================================
2025-02-04 11:28:13 [INFO]: 🚀 API (devlopment) is running on port 3000
2025-02-04 11:28:13 [INFO]: ==========================================
2025-02-04 11:28:42 [INFO]: ==========================================
2025-02-04 11:28:42 [INFO]: 🚀 API (devlopment) is running on port 3000
2025-02-04 11:28:42 [INFO]: ==========================================
2025-02-04 11:28:48 [INFO]: ==========================================
2025-02-04 11:28:48 [INFO]: 🚀 API (devlopment) is running on port 3000
2025-02-04 11:28:49 [INFO]: ==========================================
2025-02-04 11:44:04 [INFO]: ==========================================
2025-02-04 11:44:04 [INFO]: 🚀 API (devlopment) is running on port 3000
2025-02-04 11:44:04 [INFO]: ==========================================
2025-02-04 11:44:40 [INFO]: ==========================================
2025-02-04 11:44:40 [INFO]: 🚀 API (devlopment) is running on port 3000
2025-02-04 11:44:40 [INFO]: ==========================================
2025-02-04 11:46:06 [INFO]: ==========================================
2025-02-04 11:46:06 [INFO]: 🚀 API (devlopment) is running on port 3000
2025-02-04 11:46:06 [INFO]: ==========================================
2025-02-04 11:54:58 [INFO]: ==========================================
2025-02-04 11:54:58 [INFO]: 🚀 API (devlopment) is running on port 3000
2025-02-04 11:54:58 [INFO]: ==========================================
2025-02-04 11:55:01 [INFO]: ==========================================
2025-02-04 11:55:01 [INFO]: 🚀 API (devlopment) is running on port 3000
2025-02-04 11:55:01 [INFO]: ==========================================
2025-02-04 11:55:30 [INFO]: ==========================================
2025-02-04 11:55:30 [INFO]: 🚀 API (devlopment) is running on port 3000
2025-02-04 11:55:30 [INFO]: ==========================================
2025-02-04 11:56:00 [INFO]: ==========================================
2025-02-04 11:56:00 [INFO]: 🚀 API (devlopment) is running on port 3000
2025-02-04 11:56:00 [INFO]: ==========================================
2025-02-04 11:56:23 [INFO]: ==========================================
2025-02-04 11:56:23 [INFO]: 🚀 API (devlopment) is running on port 3000
2025-02-04 11:56:23 [INFO]: ==========================================
2025-02-04 11:56:57 [INFO]: ==========================================
2025-02-04 11:56:57 [INFO]: 🚀 API (devlopment) is running on port 3000
2025-02-04 11:56:57 [INFO]: ==========================================
2025-02-04 11:58:14 [INFO]: ==========================================
2025-02-04 11:58:14 [INFO]: 🚀 API (devlopment) is running on port 3000
2025-02-04 11:58:14 [INFO]: ==========================================
2025-02-04 11:58:19 [INFO]: ==========================================
2025-02-04 11:58:19 [INFO]: 🚀 API (devlopment) is running on port 3000
2025-02-04 11:58:19 [INFO]: ==========================================
2025-02-04 11:59:55 [INFO]: ==========================================
2025-02-04 11:59:55 [INFO]: 🚀 API (devlopment) is running on port 3000
2025-02-04 11:59:55 [INFO]: ==========================================
2025-02-04 12:01:49 [INFO]: ==========================================
2025-02-04 12:01:49 [INFO]: 🚀 API (devlopment) is running on port 3000
2025-02-04 12:01:49 [INFO]: ==========================================
2025-02-04 12:01:54 [INFO]: ==========================================
2025-02-04 12:01:54 [INFO]: 🚀 API (devlopment) is running on port 3000
2025-02-04 12:01:54 [INFO]: ==========================================
2025-02-04 13:48:48 [INFO]: ==========================================
2025-02-04 13:48:48 [INFO]: 🚀 API (devlopment) is running on port 3000
2025-02-04 13:48:48 [INFO]: ==========================================
2025-02-04 14:19:09 [INFO]: ==========================================
2025-02-04 14:19:09 [INFO]: 🚀 API (devlopment) is running on port 3000
2025-02-04 14:19:09 [INFO]: ==========================================
2025-02-04 14:19:39 [INFO]: ==========================================
2025-02-04 14:19:39 [INFO]: 🚀 API (devlopment) is running on port 3000
2025-02-04 14:19:39 [INFO]: ==========================================
2025-02-04 14:22:21 [INFO]: ==========================================
2025-02-04 14:22:21 [INFO]: 🚀 API (devlopment) is running on port 3000
2025-02-04 14:22:21 [INFO]: ==========================================
2025-02-04 14:52:09 [INFO]: ==========================================
2025-02-04 14:52:09 [INFO]: 🚀 API (devlopment) is running on port 3000
2025-02-04 14:52:09 [INFO]: ==========================================
2025-02-04 14:52:55 [INFO]: ==========================================
2025-02-04 14:52:55 [INFO]: 🚀 API (devlopment) is running on port 3000
2025-02-04 14:52:55 [INFO]: ==========================================
2025-02-04 15:14:43 [INFO]: ==========================================
2025-02-04 15:14:43 [INFO]: 🚀 API (devlopment) is running on port 3000
2025-02-04 15:14:43 [INFO]: ==========================================
2025-02-04 15:21:31 [INFO]: ==========================================
2025-02-04 15:21:31 [INFO]: 🚀 API (devlopment) is running on port 3000
2025-02-04 15:21:31 [INFO]: ==========================================
2025-02-04 15:21:40 [INFO]: ==========================================
2025-02-04 15:21:40 [INFO]: 🚀 API (devlopment) is running on port 3000
2025-02-04 15:21:40 [INFO]: ==========================================
2025-02-04 15:58:54 [INFO]: ==========================================
2025-02-04 15:58:54 [INFO]: 🚀 API (devlopment) is running on port 3000
2025-02-04 15:58:54 [INFO]: ==========================================
2025-02-04 15:59:36 [INFO]: ==========================================
2025-02-04 15:59:36 [INFO]: 🚀 API (devlopment) is running on port 3000
2025-02-04 15:59:36 [INFO]: ==========================================
2025-02-04 15:59:58 [INFO]: ==========================================
2025-02-04 15:59:58 [INFO]: 🚀 API (devlopment) is running on port 3000
2025-02-04 15:59:58 [INFO]: ==========================================
2025-02-04 16:00:15 [INFO]: ==========================================
2025-02-04 16:00:15 [INFO]: 🚀 API (devlopment) is running on port 3000
2025-02-04 16:00:15 [INFO]: ==========================================
2025-02-04 16:01:11 [INFO]: ==========================================
2025-02-04 16:01:11 [INFO]: 🚀 API (devlopment) is running on port 3000
2025-02-04 16:01:11 [INFO]: ==========================================
2025-02-04 16:01:47 [INFO]: ==========================================
2025-02-04 16:01:47 [INFO]: 🚀 API (devlopment) is running on port 3000
2025-02-04 16:01:47 [INFO]: ==========================================
2025-02-04 16:02:00 [INFO]: ==========================================
2025-02-04 16:02:00 [INFO]: 🚀 API (devlopment) is running on port 3000
2025-02-04 16:02:00 [INFO]: ==========================================
2025-02-04 16:02:30 [INFO]: ==========================================
2025-02-04 16:02:30 [INFO]: 🚀 API (devlopment) is running on port 3000
2025-02-04 16:02:30 [INFO]: ==========================================
2025-02-04 16:02:38 [INFO]: ==========================================
2025-02-04 16:02:38 [INFO]: 🚀 API (devlopment) is running on port 3000
2025-02-04 16:02:38 [INFO]: ==========================================
2025-02-04 16:06:50 [INFO]: ==========================================
2025-02-04 16:06:50 [INFO]: 🚀 API (devlopment) is running on port 3000
2025-02-04 16:06:50 [INFO]: ==========================================
2025-02-04 16:06:53 [INFO]: ==========================================
2025-02-04 16:06:53 [INFO]: 🚀 API (devlopment) is running on port 3000
2025-02-04 16:06:53 [INFO]: ==========================================
2025-02-04 16:38:49 [INFO]: ==========================================
2025-02-04 16:38:49 [INFO]: 🚀 API (devlopment) is running on port 3000
2025-02-04 16:38:49 [INFO]: ==========================================
2025-02-04 16:39:09 [INFO]: ==========================================
2025-02-04 16:39:09 [INFO]: 🚀 API (devlopment) is running on port 3000
2025-02-04 16:39:09 [INFO]: ==========================================
2025-02-04 16:39:19 [INFO]: ==========================================
2025-02-04 16:39:19 [INFO]: 🚀 API (devlopment) is running on port 3000
2025-02-04 16:39:19 [INFO]: ==========================================
2025-02-04 16:39:31 [INFO]: ==========================================
2025-02-04 16:39:31 [INFO]: 🚀 API (devlopment) is running on port 3000
2025-02-04 16:39:31 [INFO]: ==========================================
2025-02-04 16:39:37 [INFO]: ==========================================
2025-02-04 16:39:37 [INFO]: 🚀 API (devlopment) is running on port 3000
2025-02-04 16:39:37 [INFO]: ==========================================
2025-02-04 16:39:43 [INFO]: ==========================================
2025-02-04 16:39:43 [INFO]: 🚀 API (devlopment) is running on port 3000
2025-02-04 16:39:43 [INFO]: ==========================================
2025-02-04 16:40:10 [INFO]: ==========================================
2025-02-04 16:40:10 [INFO]: 🚀 API (devlopment) is running on port 3000
2025-02-04 16:40:10 [INFO]: ==========================================
2025-02-04 16:40:40 [INFO]: ==========================================
2025-02-04 16:40:40 [INFO]: 🚀 API (devlopment) is running on port 3000
2025-02-04 16:40:40 [INFO]: ==========================================
2025-02-04 16:40:56 [INFO]: ==========================================
2025-02-04 16:40:56 [INFO]: 🚀 API (devlopment) is running on port 3000
2025-02-04 16:40:56 [INFO]: ==========================================
2025-02-04 16:41:32 [INFO]: ==========================================
2025-02-04 16:41:32 [INFO]: 🚀 API (devlopment) is running on port 3000
2025-02-04 16:41:32 [INFO]: ==========================================
2025-02-04 16:42:27 [INFO]: ==========================================
2025-02-04 16:42:27 [INFO]: 🚀 API (devlopment) is running on port 3000
2025-02-04 16:42:27 [INFO]: ==========================================
2025-02-04 16:42:37 [INFO]: ==========================================
2025-02-04 16:42:37 [INFO]: 🚀 API (devlopment) is running on port 3000
2025-02-04 16:42:37 [INFO]: ==========================================
2025-02-04 16:42:43 [INFO]: ==========================================
2025-02-04 16:42:43 [INFO]: 🚀 API (devlopment) is running on port 3000
2025-02-04 16:42:43 [INFO]: ==========================================
2025-02-04 16:42:54 [INFO]: ==========================================
2025-02-04 16:42:54 [INFO]: 🚀 API (devlopment) is running on port 3000
2025-02-04 16:42:54 [INFO]: ==========================================
2025-02-04 16:43:35 [INFO]: ==========================================
2025-02-04 16:43:35 [INFO]: 🚀 API (devlopment) is running on port 3000
2025-02-04 16:43:35 [INFO]: ==========================================
2025-02-04 16:47:09 [INFO]: ==========================================
2025-02-04 16:47:09 [INFO]: 🚀 API (devlopment) is running on port 3000
2025-02-04 16:47:09 [INFO]: ==========================================
2025-02-04 16:47:16 [INFO]: ==========================================
2025-02-04 16:47:16 [INFO]: 🚀 API (devlopment) is running on port 3000
2025-02-04 16:47:16 [INFO]: ==========================================
2025-02-04 16:47:21 [INFO]: ==========================================
2025-02-04 16:47:21 [INFO]: 🚀 API (devlopment) is running on port 3000
2025-02-04 16:47:21 [INFO]: ==========================================
2025-02-04 16:48:27 [INFO]: ==========================================
2025-02-04 16:48:27 [INFO]: 🚀 API (devlopment) is running on port 3000
2025-02-04 16:48:27 [INFO]: ==========================================
2025-02-05 13:42:51 [INFO]: ==========================================
2025-02-05 13:42:51 [INFO]: 🚀 API (devlopment) is running on port 3000
2025-02-05 13:42:51 [INFO]: ==========================================
2025-02-05 16:17:08 [INFO]: ==========================================
2025-02-05 16:17:08 [INFO]: 🚀 API (devlopment) is running on port 3000
2025-02-05 16:17:08 [INFO]: ==========================================
2025-02-06 09:04:36 [INFO]: ==========================================
2025-02-06 09:04:36 [INFO]: 🚀 API (devlopment) is running on port 3000
2025-02-06 09:04:36 [INFO]: ==========================================
2025-02-06 09:05:25 [ERROR]: Error [ERR_HTTP_HEADERS_SENT]: Cannot set headers after they are sent to the client
    at new NodeError (node:internal/errors:405:5)
    at ServerResponse.setHeader (node:_http_outgoing:648:11)
    at ServerResponse.header (/home/tpss/public_html/drive/projects/Laundry/git/thelaundrycompany/backend/node_modules/express/lib/response.js:794:10)
    at ServerResponse.send (/home/tpss/public_html/drive/projects/Laundry/git/thelaundrycompany/backend/node_modules/express/lib/response.js:174:12)
    at ServerResponse.json (/home/tpss/public_html/drive/projects/Laundry/git/thelaundrycompany/backend/node_modules/express/lib/response.js:278:15)
    at signup (/home/tpss/public_html/drive/projects/Laundry/git/thelaundrycompany/backend/src/controller/auth.controller.js:99:32)
2025-02-06 09:07:39 [INFO]: ==========================================
2025-02-06 09:07:39 [INFO]: 🚀 API (devlopment) is running on port 3000
2025-02-06 09:07:39 [INFO]: ==========================================
2025-02-06 09:19:49 [INFO]: ==========================================
2025-02-06 09:19:49 [INFO]: 🚀 API (devlopment) is running on port 3000
2025-02-06 09:19:49 [INFO]: ==========================================
2025-02-06 09:21:58 [INFO]: ==========================================
2025-02-06 09:21:58 [INFO]: 🚀 API (devlopment) is running on port 3000
2025-02-06 09:21:58 [INFO]: ==========================================
2025-02-06 09:22:20 [INFO]: ==========================================
2025-02-06 09:22:20 [INFO]: 🚀 API (devlopment) is running on port 3000
2025-02-06 09:22:20 [INFO]: ==========================================
2025-02-06 09:22:24 [INFO]: ==========================================
2025-02-06 09:22:24 [INFO]: 🚀 API (devlopment) is running on port 3000
2025-02-06 09:22:24 [INFO]: ==========================================
2025-02-06 09:23:50 [INFO]: ==========================================
2025-02-06 09:23:50 [INFO]: 🚀 API (devlopment) is running on port 3000
2025-02-06 09:23:50 [INFO]: ==========================================
2025-02-06 09:24:07 [INFO]: ==========================================
2025-02-06 09:24:07 [INFO]: 🚀 API (devlopment) is running on port 3000
2025-02-06 09:24:07 [INFO]: ==========================================
2025-02-06 09:24:12 [INFO]: ==========================================
2025-02-06 09:24:12 [INFO]: 🚀 API (devlopment) is running on port 3000
2025-02-06 09:24:12 [INFO]: ==========================================
2025-02-06 09:26:41 [INFO]: ==========================================
2025-02-06 09:26:41 [INFO]: 🚀 API (devlopment) is running on port 3000
2025-02-06 09:26:41 [INFO]: ==========================================
2025-02-06 09:32:20 [INFO]: ==========================================
2025-02-06 09:32:20 [INFO]: 🚀 API (devlopment) is running on port 3000
2025-02-06 09:32:20 [INFO]: ==========================================
2025-02-06 09:33:04 [INFO]: ==========================================
2025-02-06 09:33:04 [INFO]: 🚀 API (devlopment) is running on port 3000
2025-02-06 09:33:04 [INFO]: ==========================================
2025-02-06 09:33:54 [INFO]: ==========================================
2025-02-06 09:33:54 [INFO]: 🚀 API (devlopment) is running on port 3000
2025-02-06 09:33:54 [INFO]: ==========================================
2025-02-06 09:39:00 [INFO]: ==========================================
2025-02-06 09:39:00 [INFO]: 🚀 API (devlopment) is running on port 3000
2025-02-06 09:39:00 [INFO]: ==========================================
2025-02-06 09:39:53 [INFO]: ==========================================
2025-02-06 09:39:53 [INFO]: 🚀 API (devlopment) is running on port 3000
2025-02-06 09:39:53 [INFO]: ==========================================
2025-02-06 09:42:26 [INFO]: ==========================================
2025-02-06 09:42:26 [INFO]: 🚀 API (devlopment) is running on port 3000
2025-02-06 09:42:26 [INFO]: ==========================================
2025-02-06 09:42:49 [INFO]: ==========================================
2025-02-06 09:42:49 [INFO]: 🚀 API (devlopment) is running on port 3000
2025-02-06 09:42:49 [INFO]: ==========================================
2025-02-06 10:07:07 [INFO]: ==========================================
2025-02-06 10:07:07 [INFO]: 🚀 API (devlopment) is running on port 3000
2025-02-06 10:07:07 [INFO]: ==========================================
2025-02-06 10:07:36 [INFO]: ==========================================
2025-02-06 10:07:36 [INFO]: 🚀 API (devlopment) is running on port 3000
2025-02-06 10:07:36 [INFO]: ==========================================
2025-02-06 10:14:37 [INFO]: ==========================================
2025-02-06 10:14:37 [INFO]: 🚀 API (devlopment) is running on port 3000
2025-02-06 10:14:37 [INFO]: ==========================================
2025-02-06 10:22:31 [INFO]: ==========================================
2025-02-06 10:22:31 [INFO]: 🚀 API (devlopment) is running on port 3000
2025-02-06 10:22:31 [INFO]: ==========================================
2025-02-06 10:22:38 [INFO]: ==========================================
2025-02-06 10:22:38 [INFO]: 🚀 API (devlopment) is running on port 3000
2025-02-06 10:22:38 [INFO]: ==========================================
2025-02-06 10:22:50 [INFO]: ==========================================
2025-02-06 10:22:50 [INFO]: 🚀 API (devlopment) is running on port 3000
2025-02-06 10:22:50 [INFO]: ==========================================
2025-02-06 10:26:19 [INFO]: ==========================================
2025-02-06 10:26:19 [INFO]: 🚀 API (devlopment) is running on port 3000
2025-02-06 10:26:19 [INFO]: ==========================================
2025-02-06 10:28:46 [INFO]: ==========================================
2025-02-06 10:28:46 [INFO]: 🚀 API (devlopment) is running on port 3000
2025-02-06 10:28:46 [INFO]: ==========================================
2025-02-06 10:29:00 [INFO]: ==========================================
2025-02-06 10:29:00 [INFO]: 🚀 API (devlopment) is running on port 3000
2025-02-06 10:29:00 [INFO]: ==========================================
2025-02-06 10:38:38 [INFO]: ==========================================
2025-02-06 10:38:38 [INFO]: 🚀 API (devlopment) is running on port 3000
2025-02-06 10:38:38 [INFO]: ==========================================
2025-02-06 11:04:11 [INFO]: ==========================================
2025-02-06 11:04:11 [INFO]: 🚀 API (devlopment) is running on port 3000
2025-02-06 11:04:11 [INFO]: ==========================================
2025-02-06 11:05:00 [INFO]: ==========================================
2025-02-06 11:05:00 [INFO]: 🚀 API (devlopment) is running on port 3000
2025-02-06 11:05:00 [INFO]: ==========================================
2025-02-06 11:05:12 [INFO]: ==========================================
2025-02-06 11:05:12 [INFO]: 🚀 API (devlopment) is running on port 3000
2025-02-06 11:05:12 [INFO]: ==========================================
2025-02-13 08:41:35 [INFO]: ==========================================
2025-02-13 08:41:35 [INFO]: 🚀 API (devlopment) is running on port 3000
2025-02-13 08:41:35 [INFO]: ==========================================
2025-02-14 08:14:52 [INFO]: ==========================================
2025-02-14 08:14:52 [INFO]: 🚀 API (devlopment) is running on port 3000
2025-02-14 08:14:52 [INFO]: ==========================================
2025-02-14 08:15:07 [INFO]: ==========================================
2025-02-14 08:15:07 [INFO]: 🚀 API (devlopment) is running on port 3000
2025-02-14 08:15:07 [INFO]: ==========================================
2025-02-14 08:15:23 [INFO]: ==========================================
2025-02-14 08:15:23 [INFO]: 🚀 API (devlopment) is running on port 3000
2025-02-14 08:15:23 [INFO]: ==========================================
2025-02-14 08:15:56 [INFO]: ==========================================
2025-02-14 08:15:56 [INFO]: 🚀 API (devlopment) is running on port 3000
2025-02-14 08:15:56 [INFO]: ==========================================
2025-02-14 08:16:13 [INFO]: ==========================================
2025-02-14 08:16:13 [INFO]: 🚀 API (devlopment) is running on port 3000
2025-02-14 08:16:13 [INFO]: ==========================================
2025-02-14 08:16:44 [INFO]: ==========================================
2025-02-14 08:16:44 [INFO]: 🚀 API (devlopment) is running on port 3000
2025-02-14 08:16:44 [INFO]: ==========================================
2025-02-14 08:19:46 [INFO]: ==========================================
2025-02-14 08:19:46 [INFO]: 🚀 API (devlopment) is running on port 3000
2025-02-14 08:19:46 [INFO]: ==========================================
2025-02-14 08:20:45 [INFO]: ==========================================
2025-02-14 08:20:45 [INFO]: 🚀 API (devlopment) is running on port 3000
2025-02-14 08:20:45 [INFO]: ==========================================
2025-02-14 08:23:08 [INFO]: ==========================================
2025-02-14 08:23:08 [INFO]: 🚀 API (devlopment) is running on port 3000
2025-02-14 08:23:08 [INFO]: ==========================================
2025-02-14 08:25:23 [INFO]: ==========================================
2025-02-14 08:25:23 [INFO]: 🚀 API (devlopment) is running on port 3000
2025-02-14 08:25:23 [INFO]: ==========================================
2025-02-14 08:25:58 [INFO]: ==========================================
2025-02-14 08:25:58 [INFO]: 🚀 API (devlopment) is running on port 3000
2025-02-14 08:25:58 [INFO]: ==========================================
2025-02-14 08:26:03 [INFO]: ==========================================
2025-02-14 08:26:03 [INFO]: 🚀 API (devlopment) is running on port 3000
2025-02-14 08:26:03 [INFO]: ==========================================
2025-02-14 08:26:16 [INFO]: ==========================================
2025-02-14 08:26:16 [INFO]: 🚀 API (devlopment) is running on port 3000
2025-02-14 08:26:16 [INFO]: ==========================================
2025-02-14 08:26:24 [INFO]: ==========================================
2025-02-14 08:26:24 [INFO]: 🚀 API (devlopment) is running on port 3000
2025-02-14 08:26:24 [INFO]: ==========================================
2025-02-14 08:28:54 [INFO]: ==========================================
2025-02-14 08:28:54 [INFO]: 🚀 API (devlopment) is running on port 3000
2025-02-14 08:28:54 [INFO]: ==========================================
2025-02-14 08:32:59 [INFO]: ==========================================
2025-02-14 08:32:59 [INFO]: 🚀 API (devlopment) is running on port 3000
2025-02-14 08:32:59 [INFO]: ==========================================
2025-02-14 08:33:13 [INFO]: ==========================================
2025-02-14 08:33:13 [INFO]: 🚀 API (devlopment) is running on port 3000
2025-02-14 08:33:13 [INFO]: ==========================================
2025-02-14 08:34:20 [INFO]: ==========================================
2025-02-14 08:34:20 [INFO]: 🚀 API (devlopment) is running on port 3000
2025-02-14 08:34:20 [INFO]: ==========================================
2025-02-14 08:35:48 [INFO]: ==========================================
2025-02-14 08:35:48 [INFO]: 🚀 API (devlopment) is running on port 3000
2025-02-14 08:35:48 [INFO]: ==========================================
2025-02-14 08:39:27 [INFO]: ==========================================
2025-02-14 08:39:27 [INFO]: 🚀 API (devlopment) is running on port 3000
2025-02-14 08:39:27 [INFO]: ==========================================
2025-02-14 08:42:53 [INFO]: ==========================================
2025-02-14 08:42:53 [INFO]: 🚀 API (devlopment) is running on port 3000
2025-02-14 08:42:53 [INFO]: ==========================================
2025-02-15 02:41:05 [INFO]: ==========================================
2025-02-15 02:41:05 [INFO]: 🚀 API (devlopment) is running on port 3000
2025-02-15 02:41:05 [INFO]: ==========================================
2025-02-15 02:42:37 [INFO]: ==========================================
2025-02-15 02:42:37 [INFO]: 🚀 API (devlopment) is running on port 3000
2025-02-15 02:42:37 [INFO]: ==========================================
2025-02-15 02:52:39 [INFO]: ==========================================
2025-02-15 02:52:39 [INFO]: 🚀 API (devlopment) is running on port 3000
2025-02-15 02:52:39 [INFO]: ==========================================
2025-02-15 02:54:08 [INFO]: ==========================================
2025-02-15 02:54:08 [INFO]: 🚀 API (devlopment) is running on port 3000
2025-02-15 02:54:08 [INFO]: ==========================================
2025-02-15 02:55:44 [INFO]: ==========================================
2025-02-15 02:55:44 [INFO]: 🚀 API (devlopment) is running on port 3000
2025-02-15 02:55:44 [INFO]: ==========================================
2025-02-15 03:03:33 [INFO]: ==========================================
2025-02-15 03:03:33 [INFO]: 🚀 API (devlopment) is running on port 3000
2025-02-15 03:03:33 [INFO]: ==========================================
2025-02-15 03:04:21 [INFO]: ==========================================
2025-02-15 03:04:21 [INFO]: 🚀 API (devlopment) is running on port 3000
2025-02-15 03:04:21 [INFO]: ==========================================
2025-02-15 03:04:26 [INFO]: ==========================================
2025-02-15 03:04:26 [INFO]: 🚀 API (devlopment) is running on port 3000
2025-02-15 03:04:26 [INFO]: ==========================================
2025-02-15 03:06:08 [INFO]: ==========================================
2025-02-15 03:06:08 [INFO]: 🚀 API (devlopment) is running on port 3000
2025-02-15 03:06:08 [INFO]: ==========================================
2025-02-15 03:09:39 [INFO]: ==========================================
2025-02-15 03:09:39 [INFO]: 🚀 API (devlopment) is running on port 3000
2025-02-15 03:09:39 [INFO]: ==========================================
2025-02-15 03:21:24 [INFO]: ==========================================
2025-02-15 03:21:24 [INFO]: 🚀 API (devlopment) is running on port 3000
2025-02-15 03:21:24 [INFO]: ==========================================
2025-02-15 03:23:51 [INFO]: ==========================================
2025-02-15 03:23:51 [INFO]: 🚀 API (devlopment) is running on port 3000
2025-02-15 03:23:51 [INFO]: ==========================================
2025-02-15 03:24:13 [INFO]: ==========================================
2025-02-15 03:24:13 [INFO]: 🚀 API (devlopment) is running on port 3000
2025-02-15 03:24:13 [INFO]: ==========================================
2025-02-15 03:25:45 [INFO]: ==========================================
2025-02-15 03:25:45 [INFO]: 🚀 API (devlopment) is running on port 3000
2025-02-15 03:25:45 [INFO]: ==========================================
2025-02-15 03:26:23 [INFO]: ==========================================
2025-02-15 03:26:23 [INFO]: 🚀 API (devlopment) is running on port 3000
2025-02-15 03:26:23 [INFO]: ==========================================
2025-02-15 03:26:25 [INFO]: ==========================================
2025-02-15 03:26:25 [INFO]: 🚀 API (devlopment) is running on port 3000
2025-02-15 03:26:25 [INFO]: ==========================================
2025-02-15 03:26:59 [INFO]: ==========================================
2025-02-15 03:26:59 [INFO]: 🚀 API (devlopment) is running on port 3000
2025-02-15 03:26:59 [INFO]: ==========================================
2025-02-15 03:28:06 [INFO]: ==========================================
2025-02-15 03:28:06 [INFO]: 🚀 API (devlopment) is running on port 3000
2025-02-15 03:28:06 [INFO]: ==========================================
2025-02-15 09:49:59 [INFO]: ==========================================
2025-02-15 09:49:59 [INFO]: 🚀 API (devlopment) is running on port 3000
2025-02-15 09:49:59 [INFO]: ==========================================
2025-02-15 10:01:31 [INFO]: ==========================================
2025-02-15 10:01:31 [INFO]: 🚀 API (devlopment) is running on port 3000
2025-02-15 10:01:31 [INFO]: ==========================================
2025-02-16 18:11:27 [INFO]: ==========================================
2025-02-16 18:11:27 [INFO]: 🚀 API (devlopment) is running on port 3000
2025-02-16 18:11:27 [INFO]: ==========================================
2025-02-16 18:13:28 [INFO]: ==========================================
2025-02-16 18:13:28 [INFO]: 🚀 API (devlopment) is running on port 3000
2025-02-16 18:13:28 [INFO]: ==========================================
2025-02-16 18:13:50 [INFO]: ==========================================
2025-02-16 18:13:50 [INFO]: 🚀 API (devlopment) is running on port 3000
2025-02-16 18:13:50 [INFO]: ==========================================
2025-02-16 18:15:07 [INFO]: ==========================================
2025-02-16 18:15:07 [INFO]: 🚀 API (devlopment) is running on port 3000
2025-02-16 18:15:07 [INFO]: ==========================================
2025-02-16 18:15:27 [INFO]: ==========================================
2025-02-16 18:15:27 [INFO]: 🚀 API (devlopment) is running on port 3000
2025-02-16 18:15:27 [INFO]: ==========================================
2025-02-18 01:09:08 [INFO]: ==========================================
2025-02-18 01:09:08 [INFO]: 🚀 API (devlopment) is running on port 3000
2025-02-18 01:09:08 [INFO]: ==========================================
2025-02-18 01:12:30 [INFO]: ==========================================
2025-02-18 01:12:30 [INFO]: 🚀 API (devlopment) is running on port 3000
2025-02-18 01:12:30 [INFO]: ==========================================
2025-02-18 01:12:51 [INFO]: ==========================================
2025-02-18 01:12:51 [INFO]: 🚀 API (devlopment) is running on port 3000
2025-02-18 01:12:51 [INFO]: ==========================================
2025-02-18 01:36:47 [INFO]: ==========================================
2025-02-18 01:36:47 [INFO]: 🚀 API (devlopment) is running on port 3000
2025-02-18 01:36:47 [INFO]: ==========================================
2025-02-18 02:07:49 [INFO]: ==========================================
2025-02-18 02:07:49 [INFO]: 🚀 API (devlopment) is running on port 3000
2025-02-18 02:07:49 [INFO]: ==========================================
2025-02-18 02:08:07 [INFO]: ==========================================
2025-02-18 02:08:07 [INFO]: 🚀 API (devlopment) is running on port 3000
2025-02-18 02:08:07 [INFO]: ==========================================
2025-02-18 02:09:45 [INFO]: ==========================================
2025-02-18 02:09:45 [INFO]: 🚀 API (devlopment) is running on port 3000
2025-02-18 02:09:45 [INFO]: ==========================================
2025-02-18 02:10:58 [INFO]: ==========================================
2025-02-18 02:10:58 [INFO]: 🚀 API (devlopment) is running on port 3000
2025-02-18 02:10:58 [INFO]: ==========================================
2025-02-18 02:11:15 [INFO]: ==========================================
2025-02-18 02:11:15 [INFO]: 🚀 API (devlopment) is running on port 3000
2025-02-18 02:11:15 [INFO]: ==========================================
2025-02-18 02:13:40 [INFO]: ==========================================
2025-02-18 02:13:40 [INFO]: 🚀 API (devlopment) is running on port 3000
2025-02-18 02:13:40 [INFO]: ==========================================
2025-02-18 02:20:40 [INFO]: ==========================================
2025-02-18 02:20:40 [INFO]: 🚀 API (devlopment) is running on port 3000
2025-02-18 02:20:40 [INFO]: ==========================================
2025-02-18 02:23:44 [INFO]: ==========================================
2025-02-18 02:23:44 [INFO]: 🚀 API (devlopment) is running on port 3000
2025-02-18 02:23:44 [INFO]: ==========================================
2025-02-18 02:26:31 [INFO]: ==========================================
2025-02-18 02:26:31 [INFO]: 🚀 API (devlopment) is running on port 3000
2025-02-18 02:26:31 [INFO]: ==========================================
2025-02-18 02:32:04 [INFO]: ==========================================
2025-02-18 02:32:04 [INFO]: 🚀 API (devlopment) is running on port 3000
2025-02-18 02:32:04 [INFO]: ==========================================
2025-02-18 02:34:13 [INFO]: ==========================================
2025-02-18 02:34:13 [INFO]: 🚀 API (devlopment) is running on port 3000
2025-02-18 02:34:13 [INFO]: ==========================================
2025-02-18 02:35:25 [INFO]: ==========================================
2025-02-18 02:35:25 [INFO]: 🚀 API (devlopment) is running on port 3000
2025-02-18 02:35:25 [INFO]: ==========================================
2025-02-18 02:35:38 [INFO]: ==========================================
2025-02-18 02:35:38 [INFO]: 🚀 API (devlopment) is running on port 3000
2025-02-18 02:35:38 [INFO]: ==========================================
2025-02-18 02:36:43 [INFO]: ==========================================
2025-02-18 02:36:43 [INFO]: 🚀 API (devlopment) is running on port 3000
2025-02-18 02:36:43 [INFO]: ==========================================
2025-02-18 02:36:56 [INFO]: ==========================================
2025-02-18 02:36:56 [INFO]: 🚀 API (devlopment) is running on port 3000
2025-02-18 02:36:56 [INFO]: ==========================================
2025-02-18 02:38:40 [INFO]: ==========================================
2025-02-18 02:38:40 [INFO]: 🚀 API (devlopment) is running on port 3000
2025-02-18 02:38:40 [INFO]: ==========================================
2025-02-18 02:39:36 [INFO]: ==========================================
2025-02-18 02:39:36 [INFO]: 🚀 API (devlopment) is running on port 3000
2025-02-18 02:39:36 [INFO]: ==========================================
2025-02-18 02:39:49 [INFO]: ==========================================
2025-02-18 02:39:49 [INFO]: 🚀 API (devlopment) is running on port 3000
2025-02-18 02:39:49 [INFO]: ==========================================
2025-02-18 02:40:31 [INFO]: ==========================================
2025-02-18 02:40:31 [INFO]: 🚀 API (devlopment) is running on port 3000
2025-02-18 02:40:31 [INFO]: ==========================================
2025-02-18 02:42:23 [INFO]: ==========================================
2025-02-18 02:42:23 [INFO]: 🚀 API (devlopment) is running on port 3000
2025-02-18 02:42:23 [INFO]: ==========================================
2025-02-18 02:42:33 [INFO]: ==========================================
2025-02-18 02:42:33 [INFO]: 🚀 API (devlopment) is running on port 3000
2025-02-18 02:42:33 [INFO]: ==========================================
2025-02-18 02:46:12 [INFO]: ==========================================
2025-02-18 02:46:12 [INFO]: 🚀 API (devlopment) is running on port 3000
2025-02-18 02:46:12 [INFO]: ==========================================
2025-02-18 02:53:54 [INFO]: ==========================================
2025-02-18 02:53:54 [INFO]: 🚀 API (devlopment) is running on port 3000
2025-02-18 02:53:54 [INFO]: ==========================================
2025-02-18 02:56:18 [INFO]: ==========================================
2025-02-18 02:56:18 [INFO]: 🚀 API (devlopment) is running on port 3000
2025-02-18 02:56:18 [INFO]: ==========================================
2025-02-18 03:01:41 [INFO]: ==========================================
2025-02-18 03:01:41 [INFO]: 🚀 API (devlopment) is running on port 3000
2025-02-18 03:01:41 [INFO]: ==========================================
2025-02-18 03:04:09 [INFO]: ==========================================
2025-02-18 03:04:09 [INFO]: 🚀 API (devlopment) is running on port 3000
2025-02-18 03:04:09 [INFO]: ==========================================
2025-02-18 03:05:46 [INFO]: ==========================================
2025-02-18 03:05:46 [INFO]: 🚀 API (devlopment) is running on port 3000
2025-02-18 03:05:46 [INFO]: ==========================================
2025-02-18 03:06:28 [INFO]: ==========================================
2025-02-18 03:06:28 [INFO]: 🚀 API (devlopment) is running on port 3000
2025-02-18 03:06:28 [INFO]: ==========================================
2025-02-18 03:09:17 [INFO]: ==========================================
2025-02-18 03:09:17 [INFO]: 🚀 API (devlopment) is running on port 3000
2025-02-18 03:09:17 [INFO]: ==========================================
2025-02-18 03:09:34 [INFO]: ==========================================
2025-02-18 03:09:34 [INFO]: 🚀 API (devlopment) is running on port 3000
2025-02-18 03:09:34 [INFO]: ==========================================
2025-02-18 03:16:19 [INFO]: ==========================================
2025-02-18 03:16:19 [INFO]: 🚀 API (devlopment) is running on port 3000
2025-02-18 03:16:19 [INFO]: ==========================================
2025-02-18 03:16:39 [INFO]: ==========================================
2025-02-18 03:16:39 [INFO]: 🚀 API (devlopment) is running on port 3000
2025-02-18 03:16:39 [INFO]: ==========================================
2025-02-18 03:21:49 [INFO]: ==========================================
2025-02-18 03:21:49 [INFO]: 🚀 API (devlopment) is running on port 3000
2025-02-18 03:21:49 [INFO]: ==========================================
2025-02-18 03:23:13 [INFO]: ==========================================
2025-02-18 03:23:13 [INFO]: 🚀 API (devlopment) is running on port 3000
2025-02-18 03:23:13 [INFO]: ==========================================
2025-02-18 03:35:29 [INFO]: ==========================================
2025-02-18 03:35:29 [INFO]: 🚀 API (devlopment) is running on port 3000
2025-02-18 03:35:29 [INFO]: ==========================================
2025-02-18 03:37:12 [INFO]: ==========================================
2025-02-18 03:37:12 [INFO]: 🚀 API (devlopment) is running on port 3000
2025-02-18 03:37:12 [INFO]: ==========================================
2025-02-18 03:37:55 [INFO]: ==========================================
2025-02-18 03:37:55 [INFO]: 🚀 API (devlopment) is running on port 3000
2025-02-18 03:37:55 [INFO]: ==========================================
2025-02-18 03:38:14 [INFO]: ==========================================
2025-02-18 03:38:14 [INFO]: 🚀 API (devlopment) is running on port 3000
2025-02-18 03:38:14 [INFO]: ==========================================
2025-02-18 03:38:38 [INFO]: ==========================================
2025-02-18 03:38:38 [INFO]: 🚀 API (devlopment) is running on port 3000
2025-02-18 03:38:38 [INFO]: ==========================================
2025-02-18 03:39:37 [INFO]: ==========================================
2025-02-18 03:39:37 [INFO]: 🚀 API (devlopment) is running on port 3000
2025-02-18 03:39:37 [INFO]: ==========================================
2025-02-18 03:42:24 [INFO]: ==========================================
2025-02-18 03:42:24 [INFO]: 🚀 API (devlopment) is running on port 3000
2025-02-18 03:42:24 [INFO]: ==========================================
2025-02-18 03:42:32 [INFO]: ==========================================
2025-02-18 03:42:32 [INFO]: 🚀 API (devlopment) is running on port 3000
2025-02-18 03:42:32 [INFO]: ==========================================
2025-02-18 03:46:43 [INFO]: ==========================================
2025-02-18 03:46:43 [INFO]: 🚀 API (devlopment) is running on port 3000
2025-02-18 03:46:43 [INFO]: ==========================================
2025-02-18 04:05:17 [INFO]: ==========================================
2025-02-18 04:05:17 [INFO]: 🚀 API (devlopment) is running on port 3000
2025-02-18 04:05:17 [INFO]: ==========================================
2025-02-18 04:06:26 [INFO]: ==========================================
2025-02-18 04:06:26 [INFO]: 🚀 API (devlopment) is running on port 3000
2025-02-18 04:06:26 [INFO]: ==========================================
2025-02-18 04:06:39 [INFO]: ==========================================
2025-02-18 04:06:39 [INFO]: 🚀 API (devlopment) is running on port 3000
2025-02-18 04:06:39 [INFO]: ==========================================
2025-02-18 04:11:32 [INFO]: ==========================================
2025-02-18 04:11:32 [INFO]: 🚀 API (devlopment) is running on port 3000
2025-02-18 04:11:32 [INFO]: ==========================================
2025-02-18 04:12:10 [INFO]: ==========================================
2025-02-18 04:12:10 [INFO]: 🚀 API (devlopment) is running on port 3000
2025-02-18 04:12:10 [INFO]: ==========================================
2025-02-18 04:14:24 [INFO]: ==========================================
2025-02-18 04:14:24 [INFO]: 🚀 API (devlopment) is running on port 3000
2025-02-18 04:14:24 [INFO]: ==========================================
2025-02-18 04:14:39 [INFO]: ==========================================
2025-02-18 04:14:39 [INFO]: 🚀 API (devlopment) is running on port 3000
2025-02-18 04:14:39 [INFO]: ==========================================
2025-02-18 04:15:08 [INFO]: ==========================================
2025-02-18 04:15:08 [INFO]: 🚀 API (devlopment) is running on port 3000
2025-02-18 04:15:08 [INFO]: ==========================================
2025-02-18 04:15:17 [INFO]: ==========================================
2025-02-18 04:15:17 [INFO]: 🚀 API (devlopment) is running on port 3000
2025-02-18 04:15:17 [INFO]: ==========================================
2025-02-18 04:17:17 [INFO]: ==========================================
2025-02-18 04:17:18 [INFO]: 🚀 API (devlopment) is running on port 3000
2025-02-18 04:17:18 [INFO]: ==========================================
2025-02-18 04:17:23 [INFO]: ==========================================
2025-02-18 04:17:23 [INFO]: 🚀 API (devlopment) is running on port 3000
2025-02-18 04:17:23 [INFO]: ==========================================
2025-02-18 04:19:20 [INFO]: ==========================================
2025-02-18 04:19:20 [INFO]: 🚀 API (devlopment) is running on port 3000
2025-02-18 04:19:20 [INFO]: ==========================================
2025-02-18 04:19:29 [INFO]: ==========================================
2025-02-18 04:19:29 [INFO]: 🚀 API (devlopment) is running on port 3000
2025-02-18 04:19:29 [INFO]: ==========================================
2025-02-18 04:21:16 [INFO]: ==========================================
2025-02-18 04:21:16 [INFO]: 🚀 API (devlopment) is running on port 3000
2025-02-18 04:21:16 [INFO]: ==========================================
2025-02-18 04:24:37 [INFO]: ==========================================
2025-02-18 04:24:37 [INFO]: 🚀 API (devlopment) is running on port 3000
2025-02-18 04:24:37 [INFO]: ==========================================
2025-02-18 04:26:04 [INFO]: ==========================================
2025-02-18 04:26:04 [INFO]: 🚀 API (devlopment) is running on port 3000
2025-02-18 04:26:04 [INFO]: ==========================================
2025-02-18 04:26:39 [INFO]: ==========================================
2025-02-18 04:26:39 [INFO]: 🚀 API (devlopment) is running on port 3000
2025-02-18 04:26:39 [INFO]: ==========================================
2025-02-18 04:27:11 [INFO]: ==========================================
2025-02-18 04:27:11 [INFO]: 🚀 API (devlopment) is running on port 3000
2025-02-18 04:27:11 [INFO]: ==========================================
2025-02-18 04:28:10 [INFO]: ==========================================
2025-02-18 04:28:10 [INFO]: 🚀 API (devlopment) is running on port 3000
2025-02-18 04:28:10 [INFO]: ==========================================
2025-02-18 04:28:33 [INFO]: ==========================================
2025-02-18 04:28:33 [INFO]: 🚀 API (devlopment) is running on port 3000
2025-02-18 04:28:33 [INFO]: ==========================================
2025-02-18 04:29:15 [INFO]: ==========================================
2025-02-18 04:29:15 [INFO]: 🚀 API (devlopment) is running on port 3000
2025-02-18 04:29:15 [INFO]: ==========================================
2025-02-18 04:30:15 [INFO]: ==========================================
2025-02-18 04:30:15 [INFO]: 🚀 API (devlopment) is running on port 3000
2025-02-18 04:30:15 [INFO]: ==========================================
2025-02-18 04:30:36 [INFO]: ==========================================
2025-02-18 04:30:36 [INFO]: 🚀 API (devlopment) is running on port 3000
2025-02-18 04:30:36 [INFO]: ==========================================
2025-02-18 04:31:08 [INFO]: ==========================================
2025-02-18 04:31:08 [INFO]: 🚀 API (devlopment) is running on port 3000
2025-02-18 04:31:08 [INFO]: ==========================================
2025-02-18 04:31:44 [INFO]: ==========================================
2025-02-18 04:31:44 [INFO]: 🚀 API (devlopment) is running on port 3000
2025-02-18 04:31:44 [INFO]: ==========================================
2025-02-18 04:32:39 [INFO]: ==========================================
2025-02-18 04:32:39 [INFO]: 🚀 API (devlopment) is running on port 3000
2025-02-18 04:32:39 [INFO]: ==========================================
2025-02-18 04:32:58 [INFO]: ==========================================
2025-02-18 04:32:58 [INFO]: 🚀 API (devlopment) is running on port 3000
2025-02-18 04:32:58 [INFO]: ==========================================
2025-02-18 04:34:54 [INFO]: ==========================================
2025-02-18 04:34:54 [INFO]: 🚀 API (devlopment) is running on port 3000
2025-02-18 04:34:54 [INFO]: ==========================================
2025-02-18 04:35:42 [INFO]: ==========================================
2025-02-18 04:35:42 [INFO]: 🚀 API (devlopment) is running on port 3000
2025-02-18 04:35:42 [INFO]: ==========================================
2025-02-18 04:36:47 [INFO]: ==========================================
2025-02-18 04:36:47 [INFO]: 🚀 API (devlopment) is running on port 3000
2025-02-18 04:36:47 [INFO]: ==========================================
2025-02-18 04:39:13 [INFO]: ==========================================
2025-02-18 04:39:13 [INFO]: 🚀 API (devlopment) is running on port 3000
2025-02-18 04:39:13 [INFO]: ==========================================
2025-02-18 04:39:25 [INFO]: ==========================================
2025-02-18 04:39:25 [INFO]: 🚀 API (devlopment) is running on port 3000
2025-02-18 04:39:25 [INFO]: ==========================================
2025-02-18 04:40:36 [INFO]: ==========================================
2025-02-18 04:40:36 [INFO]: 🚀 API (devlopment) is running on port 3000
2025-02-18 04:40:36 [INFO]: ==========================================
2025-02-18 04:40:45 [INFO]: ==========================================
2025-02-18 04:40:45 [INFO]: 🚀 API (devlopment) is running on port 3000
2025-02-18 04:40:45 [INFO]: ==========================================
2025-02-18 04:41:03 [INFO]: ==========================================
2025-02-18 04:41:03 [INFO]: 🚀 API (devlopment) is running on port 3000
2025-02-18 04:41:03 [INFO]: ==========================================
2025-02-18 04:41:38 [INFO]: ==========================================
2025-02-18 04:41:38 [INFO]: 🚀 API (devlopment) is running on port 3000
2025-02-18 04:41:38 [INFO]: ==========================================
2025-02-18 04:42:32 [INFO]: ==========================================
2025-02-18 04:42:32 [INFO]: 🚀 API (devlopment) is running on port 3000
2025-02-18 04:42:32 [INFO]: ==========================================
2025-02-18 04:42:40 [INFO]: ==========================================
2025-02-18 04:42:40 [INFO]: 🚀 API (devlopment) is running on port 3000
2025-02-18 04:42:40 [INFO]: ==========================================
2025-02-18 04:43:50 [INFO]: ==========================================
2025-02-18 04:43:50 [INFO]: 🚀 API (devlopment) is running on port 3000
2025-02-18 04:43:50 [INFO]: ==========================================
2025-02-18 04:43:57 [INFO]: ==========================================
2025-02-18 04:43:57 [INFO]: 🚀 API (devlopment) is running on port 3000
2025-02-18 04:43:57 [INFO]: ==========================================
2025-02-18 04:44:19 [INFO]: ==========================================
2025-02-18 04:44:19 [INFO]: 🚀 API (devlopment) is running on port 3000
2025-02-18 04:44:19 [INFO]: ==========================================
2025-02-18 04:44:36 [INFO]: ==========================================
2025-02-18 04:44:36 [INFO]: 🚀 API (devlopment) is running on port 3000
2025-02-18 04:44:36 [INFO]: ==========================================
2025-02-18 04:48:17 [INFO]: ==========================================
2025-02-18 04:48:17 [INFO]: 🚀 API (devlopment) is running on port 3000
2025-02-18 04:48:17 [INFO]: ==========================================
2025-02-18 04:48:58 [INFO]: ==========================================
2025-02-18 04:48:58 [INFO]: 🚀 API (devlopment) is running on port 3000
2025-02-18 04:48:58 [INFO]: ==========================================
2025-02-18 04:49:42 [INFO]: ==========================================
2025-02-18 04:49:42 [INFO]: 🚀 API (devlopment) is running on port 3000
2025-02-18 04:49:42 [INFO]: ==========================================
2025-02-18 04:52:04 [INFO]: ==========================================
2025-02-18 04:52:04 [INFO]: 🚀 API (devlopment) is running on port 3000
2025-02-18 04:52:04 [INFO]: ==========================================
2025-02-18 04:53:04 [INFO]: ==========================================
2025-02-18 04:53:04 [INFO]: 🚀 API (devlopment) is running on port 3000
2025-02-18 04:53:04 [INFO]: ==========================================
2025-02-18 04:53:32 [INFO]: ==========================================
2025-02-18 04:53:32 [INFO]: 🚀 API (devlopment) is running on port 3000
2025-02-18 04:53:32 [INFO]: ==========================================
2025-02-18 04:53:48 [INFO]: ==========================================
2025-02-18 04:53:48 [INFO]: 🚀 API (devlopment) is running on port 3000
2025-02-18 04:53:48 [INFO]: ==========================================
2025-02-18 04:54:10 [INFO]: ==========================================
2025-02-18 04:54:10 [INFO]: 🚀 API (devlopment) is running on port 3000
2025-02-18 04:54:10 [INFO]: ==========================================
2025-02-18 04:54:13 [INFO]: ==========================================
2025-02-18 04:54:13 [INFO]: 🚀 API (devlopment) is running on port 3000
2025-02-18 04:54:13 [INFO]: ==========================================
2025-02-18 04:55:27 [INFO]: ==========================================
2025-02-18 04:55:27 [INFO]: 🚀 API (devlopment) is running on port 3000
2025-02-18 04:55:27 [INFO]: ==========================================
2025-02-18 04:56:12 [INFO]: ==========================================
2025-02-18 04:56:12 [INFO]: 🚀 API (devlopment) is running on port 3000
2025-02-18 04:56:12 [INFO]: ==========================================
2025-02-18 04:57:05 [INFO]: ==========================================
2025-02-18 04:57:05 [INFO]: 🚀 API (devlopment) is running on port 3000
2025-02-18 04:57:05 [INFO]: ==========================================
2025-02-18 04:57:33 [INFO]: ==========================================
2025-02-18 04:57:33 [INFO]: 🚀 API (devlopment) is running on port 3000
2025-02-18 04:57:33 [INFO]: ==========================================
2025-02-18 04:57:42 [INFO]: ==========================================
2025-02-18 04:57:42 [INFO]: 🚀 API (devlopment) is running on port 3000
2025-02-18 04:57:42 [INFO]: ==========================================
2025-02-18 04:57:50 [INFO]: ==========================================
2025-02-18 04:57:50 [INFO]: 🚀 API (devlopment) is running on port 3000
2025-02-18 04:57:50 [INFO]: ==========================================
2025-02-18 04:58:28 [INFO]: ==========================================
2025-02-18 04:58:28 [INFO]: 🚀 API (devlopment) is running on port 3000
2025-02-18 04:58:28 [INFO]: ==========================================
2025-02-18 04:58:42 [INFO]: ==========================================
2025-02-18 04:58:42 [INFO]: 🚀 API (devlopment) is running on port 3000
2025-02-18 04:58:42 [INFO]: ==========================================
2025-02-18 04:58:50 [INFO]: ==========================================
2025-02-18 04:58:50 [INFO]: 🚀 API (devlopment) is running on port 3000
2025-02-18 04:58:50 [INFO]: ==========================================
2025-02-18 05:00:14 [INFO]: ==========================================
2025-02-18 05:00:14 [INFO]: 🚀 API (devlopment) is running on port 3000
2025-02-18 05:00:14 [INFO]: ==========================================
2025-02-18 05:02:03 [INFO]: ==========================================
2025-02-18 05:02:03 [INFO]: 🚀 API (devlopment) is running on port 3000
2025-02-18 05:02:03 [INFO]: ==========================================
2025-02-18 05:02:44 [INFO]: ==========================================
2025-02-18 05:02:44 [INFO]: 🚀 API (devlopment) is running on port 3000
2025-02-18 05:02:44 [INFO]: ==========================================
